2016-09-18 18:14:09.369 ruby[81173:15881745] 18:14:09.368 WARNING:  140: This application, or a library it uses, is using the deprecated Carbon Component Manager for hosting Audio Units. Support for this will be removed in a future release. Also, this makes the host incompatible with version 3 audio units. Please transition to the API's in AudioComponent.h.
Warning: Xing stream size off by more than 1%, fuzzy seeking may be even more fuzzy than by design!
/Library/Ruby/Gems/2.0.0/gems/audite-0.4.0/lib/audite.rb:120:in `new': Error reading the stream. (code 18) (StandardError)
	from /Library/Ruby/Gems/2.0.0/gems/audite-0.4.0/lib/audite.rb:120:in `queue'
	from /Library/Ruby/Gems/2.0.0/gems/audite-0.4.0/lib/audite.rb:106:in `block in load'
	from /Library/Ruby/Gems/2.0.0/gems/audite-0.4.0/lib/audite.rb:106:in `each'
	from /Library/Ruby/Gems/2.0.0/gems/audite-0.4.0/lib/audite.rb:106:in `load'
	from /Library/Ruby/Gems/2.0.0/gems/soundcloud2000-0.1.0/lib/soundcloud2000/models/player.rb:65:in `load'
	from /Library/Ruby/Gems/2.0.0/gems/soundcloud2000-0.1.0/lib/soundcloud2000/models/player.rb:34:in `play'
	from /Library/Ruby/Gems/2.0.0/gems/soundcloud2000-0.1.0/lib/soundcloud2000/controllers/player_controller.rb:61:in `play'
	from /Library/Ruby/Gems/2.0.0/gems/soundcloud2000-0.1.0/lib/soundcloud2000/application.rb:38:in `block in initialize'
	from /Library/Ruby/Gems/2.0.0/gems/soundcloud2000-0.1.0/lib/soundcloud2000/events.rb:13:in `call'
	from /Library/Ruby/Gems/2.0.0/gems/soundcloud2000-0.1.0/lib/soundcloud2000/events.rb:13:in `block in trigger'
	from /Library/Ruby/Gems/2.0.0/gems/soundcloud2000-0.1.0/lib/soundcloud2000/events.rb:12:in `each'
	from /Library/Ruby/Gems/2.0.0/gems/soundcloud2000-0.1.0/lib/soundcloud2000/events.rb:12:in `trigger'
	from /Library/Ruby/Gems/2.0.0/gems/soundcloud2000-0.1.0/lib/soundcloud2000/controllers/track_controller.rb:21:in `block in initialize'
	from /Library/Ruby/Gems/2.0.0/gems/soundcloud2000-0.1.0/lib/soundcloud2000/events.rb:13:in `call'
	from /Library/Ruby/Gems/2.0.0/gems/soundcloud2000-0.1.0/lib/soundcloud2000/events.rb:13:in `block in trigger'
	from /Library/Ruby/Gems/2.0.0/gems/soundcloud2000-0.1.0/lib/soundcloud2000/events.rb:12:in `each'
	from /Library/Ruby/Gems/2.0.0/gems/soundcloud2000-0.1.0/lib/soundcloud2000/events.rb:12:in `trigger'
	from /Library/Ruby/Gems/2.0.0/gems/soundcloud2000-0.1.0/lib/soundcloud2000/application.rb:74:in `handle'
	from /Library/Ruby/Gems/2.0.0/gems/soundcloud2000-0.1.0/lib/soundcloud2000/application.rb:49:in `block in main'
	from /Library/Ruby/Gems/2.0.0/gems/soundcloud2000-0.1.0/lib/soundcloud2000/application.rb:47:in `loop'
	from /Library/Ruby/Gems/2.0.0/gems/soundcloud2000-0.1.0/lib/soundcloud2000/application.rb:47:in `main'
	from /Library/Ruby/Gems/2.0.0/gems/soundcloud2000-0.1.0/lib/soundcloud2000/application.rb:65:in `run'
	from /Library/Ruby/Gems/2.0.0/gems/soundcloud2000-0.1.0/lib/soundcloud2000.rb:15:in `start'
	from /Library/Ruby/Gems/2.0.0/gems/soundcloud2000-0.1.0/bin/soundcloud2000:5:in `<top (required)>'
	from /usr/local/bin/soundcloud2000:23:in `load'
	from /usr/local/bin/soundcloud2000:23:in `<main>'
